==11021== Memcheck, a memory error detector
==11021== Copyright (C) 2002-2017, and GNU GPL'd, by Julian Seward et al.
==11021== Using Valgrind-3.13.0 and LibVEX; rerun with -h for copyright info
==11021== Command: ./a.out
==11021== Parent PID: 3875
==11021== 
==11021== Invalid write of size 8
==11021==    at 0x40066F: main (in /home/user42/Documents/mylib/a.out)
==11021==  Address 0x522d0a8 is 104 bytes inside a block of size 105 alloc'd
==11021==    at 0x4C2FB0F: malloc (in /usr/lib/valgrind/vgpreload_memcheck-amd64-linux.so)
==11021==    by 0x400628: main (in /home/user42/Documents/mylib/a.out)
==11021== 
==11021== 
==11021== HEAP SUMMARY:
==11021==     in use at exit: 105 bytes in 1 blocks
==11021==   total heap usage: 14 allocs, 13 frees, 183 bytes allocated
==11021== 
==11021== 105 bytes in 1 blocks are definitely lost in loss record 1 of 1
==11021==    at 0x4C2FB0F: malloc (in /usr/lib/valgrind/vgpreload_memcheck-amd64-linux.so)
==11021==    by 0x400628: main (in /home/user42/Documents/mylib/a.out)
==11021== 
==11021== LEAK SUMMARY:
==11021==    definitely lost: 105 bytes in 1 blocks
==11021==    indirectly lost: 0 bytes in 0 blocks
==11021==      possibly lost: 0 bytes in 0 blocks
==11021==    still reachable: 0 bytes in 0 blocks
==11021==         suppressed: 0 bytes in 0 blocks
==11021== 
==11021== For counts of detected and suppressed errors, rerun with: -v
==11021== ERROR SUMMARY: 2 errors from 2 contexts (suppressed: 0 from 0)
